<?xml version="1.0" encoding="UTF-8"?>
<testsuite xmlns:xsi="http://www.w3.org/2001/XMLSchema-instance" xsi:noNamespaceSchemaLocation="https://maven.apache.org/surefire/maven-surefire-plugin/xsd/surefire-test-report-3.0.xsd" version="3.0" name="com.example.test1.Test1ApplicationTests" time="5.199" tests="1" errors="0" skipped="0" failures="0">
  <properties>
[...]
</properties>
  <testcase name="contextLoads" classname="com.example.test1.Test1ApplicationTests" time="0.847">
    <system-out><![CDATA[12:04:48.884 [main] INFO org.springframework.test.context.support.AnnotationConfigContextLoaderUtils -- Could not detect default configuration classes for test class [com.example.test1.Test1ApplicationTests]: Test1ApplicationTests does not declare any static, non-private, non-final, nested classes annotated with @Configuration.
12:04:49.001 [main] INFO org.springframework.boot.test.context.SpringBootTestContextBootstrapper -- Found @SpringBootConfiguration com.example.test1.Test1Application for test class com.example.test1.Test1ApplicationTests

  .   ____          _            __ _ _
 /\\ / ___'_ __ _ _(_)_ __  __ _ \ \ \ \
( ( )\___ | '_ | '_| | '_ \/ _` | \ \ \ \
 \\/  ___)| |_)| | | | | || (_| |  ) ) ) )
  '  |____| .__|_| |_|_| |_\__, | / / / /
 =========|_|==============|___/=/_/_/_/
 :: Spring Boot ::                (v3.2.2)

2024-02-02T12:04:49.508-08:00  INFO 2228 --- [           main] c.example.test1.Test1ApplicationTests    : Starting Test1ApplicationTests using Java 17.0.10 with PID 2228 (started by Akhil in C:\Users\Akhil\OneDrive\Desktop\bekko\test1\test1)
2024-02-02T12:04:49.509-08:00  INFO 2228 --- [           main] c.example.test1.Test1ApplicationTests    : No active profile set, falling back to 1 default profile: "default"
2024-02-02T12:04:50.383-08:00  INFO 2228 --- [           main] .s.d.r.c.RepositoryConfigurationDelegate : Bootstrapping Spring Data MongoDB repositories in DEFAULT mode.
2024-02-02T12:04:50.509-08:00  INFO 2228 --- [           main] .s.d.r.c.RepositoryConfigurationDelegate : Finished Spring Data repository scanning in 114 ms. Found 1 MongoDB repository interface.
2024-02-02T12:04:51.014-08:00  INFO 2228 --- [           main] org.mongodb.driver.client                : MongoClient with metadata {"driver": {"name": "mongo-java-driver|sync|spring-boot", "version": "4.11.1"}, "os": {"type": "Windows", "name": "Windows 11", "architecture": "amd64", "version": "10.0"}, "platform": "Java/Oracle Corporation/17.0.10+11-LTS-240"} created with settings MongoClientSettings{readPreference=primary, writeConcern=WriteConcern{w=null, wTimeout=null ms, journal=null}, retryWrites=true, retryReads=true, readConcern=ReadConcern{level=null}, credential=MongoCredential{mechanism=null, userName='user123', source='admin', password=<hidden>, mechanismProperties=<hidden>}, transportSettings=null, streamFactoryFactory=null, commandListeners=[], codecRegistry=ProvidersCodecRegistry{codecProviders=[ValueCodecProvider{}, BsonValueCodecProvider{}, DBRefCodecProvider{}, DBObjectCodecProvider{}, DocumentCodecProvider{}, CollectionCodecProvider{}, IterableCodecProvider{}, MapCodecProvider{}, GeoJsonCodecProvider{}, GridFSFileCodecProvider{}, Jsr310CodecProvider{}, JsonObjectCodecProvider{}, BsonCodecProvider{}, EnumCodecProvider{}, com.mongodb.client.model.mql.ExpressionCodecProvider@1e977098, com.mongodb.Jep395RecordCodecProvider@630390b9, com.mongodb.KotlinCodecProvider@6690b9fa]}, loggerSettings=LoggerSettings{maxDocumentLength=1000}, clusterSettings={hosts=[127.0.0.1:27017], srvHost=cluster0.xj0wb7v.mongodb.net, srvServiceName=mongodb, mode=MULTIPLE, requiredClusterType=REPLICA_SET, requiredReplicaSetName='atlas-e8xyfg-shard-0', serverSelector='null', clusterListeners='[]', serverSelectionTimeout='30000 ms', localThreshold='15 ms'}, socketSettings=SocketSettings{connectTimeoutMS=10000, readTimeoutMS=0, receiveBufferSize=0, proxySettings=ProxySettings{host=null, port=null, username=null, password=null}}, heartbeatSocketSettings=SocketSettings{connectTimeoutMS=10000, readTimeoutMS=10000, receiveBufferSize=0, proxySettings=ProxySettings{host=null, port=null, username=null, password=null}}, connectionPoolSettings=ConnectionPoolSettings{maxSize=100, minSize=0, maxWaitTimeMS=120000, maxConnectionLifeTimeMS=0, maxConnectionIdleTimeMS=0, maintenanceInitialDelayMS=0, maintenanceFrequencyMS=60000, connectionPoolListeners=[], maxConnecting=2}, serverSettings=ServerSettings{heartbeatFrequencyMS=10000, minHeartbeatFrequencyMS=500, serverListeners='[]', serverMonitorListeners='[]'}, sslSettings=SslSettings{enabled=true, invalidHostNameAllowed=false, context=null}, applicationName='null', compressorList=[], uuidRepresentation=JAVA_LEGACY, serverApi=null, autoEncryptionSettings=null, dnsClient=null, inetAddressResolver=null, contextProvider=null}
2024-02-02T12:04:51.018-08:00  INFO 2228 --- [b7v.mongodb.net] org.mongodb.driver.cluster               : Adding discovered server ac-wg4nffs-shard-00-02.xj0wb7v.mongodb.net:27017 to client view of cluster
2024-02-02T12:04:51.045-08:00  INFO 2228 --- [b7v.mongodb.net] org.mongodb.driver.cluster               : Adding discovered server ac-wg4nffs-shard-00-00.xj0wb7v.mongodb.net:27017 to client view of cluster
2024-02-02T12:04:51.048-08:00  INFO 2228 --- [b7v.mongodb.net] org.mongodb.driver.cluster               : Adding discovered server ac-wg4nffs-shard-00-01.xj0wb7v.mongodb.net:27017 to client view of cluster
2024-02-02T12:04:51.919-08:00  INFO 2228 --- [ngodb.net:27017] org.mongodb.driver.cluster               : Monitor thread successfully connected to server with description ServerDescription{address=ac-wg4nffs-shard-00-00.xj0wb7v.mongodb.net:27017, type=REPLICA_SET_SECONDARY, state=CONNECTED, ok=true, minWireVersion=0, maxWireVersion=17, maxDocumentSize=16777216, logicalSessionTimeoutMinutes=30, roundTripTimeNanos=526530600, setName='atlas-e8xyfg-shard-0', canonicalAddress=ac-wg4nffs-shard-00-00.xj0wb7v.mongodb.net:27017, hosts=[ac-wg4nffs-shard-00-00.xj0wb7v.mongodb.net:27017, ac-wg4nffs-shard-00-01.xj0wb7v.mongodb.net:27017, ac-wg4nffs-shard-00-02.xj0wb7v.mongodb.net:27017], passives=[], arbiters=[], primary='ac-wg4nffs-shard-00-02.xj0wb7v.mongodb.net:27017', tagSet=TagSet{[Tag{name='availabilityZone', value='us-central1-b'}, Tag{name='diskState', value='READY'}, Tag{name='nodeType', value='ELECTABLE'}, Tag{name='provider', value='GCP'}, Tag{name='region', value='CENTRAL_US'}, Tag{name='workloadType', value='OPERATIONAL'}]}, electionId=null, setVersion=7, topologyVersion=TopologyVersion{processId=65b910f050ea987a191bdee1, counter=4}, lastWriteDate=Fri Feb 02 12:04:51 PST 2024, lastUpdateTimeNanos=1190588162200}
2024-02-02T12:04:51.919-08:00  INFO 2228 --- [ngodb.net:27017] org.mongodb.driver.cluster               : Monitor thread successfully connected to server with description ServerDescription{address=ac-wg4nffs-shard-00-02.xj0wb7v.mongodb.net:27017, type=REPLICA_SET_PRIMARY, state=CONNECTED, ok=true, minWireVersion=0, maxWireVersion=17, maxDocumentSize=16777216, logicalSessionTimeoutMinutes=30, roundTripTimeNanos=523359800, setName='atlas-e8xyfg-shard-0', canonicalAddress=ac-wg4nffs-shard-00-02.xj0wb7v.mongodb.net:27017, hosts=[ac-wg4nffs-shard-00-00.xj0wb7v.mongodb.net:27017, ac-wg4nffs-shard-00-01.xj0wb7v.mongodb.net:27017, ac-wg4nffs-shard-00-02.xj0wb7v.mongodb.net:27017], passives=[], arbiters=[], primary='ac-wg4nffs-shard-00-02.xj0wb7v.mongodb.net:27017', tagSet=TagSet{[Tag{name='availabilityZone', value='us-central1-f'}, Tag{name='diskState', value='READY'}, Tag{name='nodeType', value='ELECTABLE'}, Tag{name='provider', value='GCP'}, Tag{name='region', value='CENTRAL_US'}, Tag{name='workloadType', value='OPERATIONAL'}]}, electionId=7fffffff00000000000000f3, setVersion=7, topologyVersion=TopologyVersion{processId=65b912ea452004df9df50385, counter=6}, lastWriteDate=Fri Feb 02 12:04:51 PST 2024, lastUpdateTimeNanos=1190588187200}
2024-02-02T12:04:51.919-08:00  INFO 2228 --- [ngodb.net:27017] org.mongodb.driver.cluster               : Monitor thread successfully connected to server with description ServerDescription{address=ac-wg4nffs-shard-00-01.xj0wb7v.mongodb.net:27017, type=REPLICA_SET_SECONDARY, state=CONNECTED, ok=true, minWireVersion=0, maxWireVersion=17, maxDocumentSize=16777216, logicalSessionTimeoutMinutes=30, roundTripTimeNanos=520708600, setName='atlas-e8xyfg-shard-0', canonicalAddress=ac-wg4nffs-shard-00-01.xj0wb7v.mongodb.net:27017, hosts=[ac-wg4nffs-shard-00-00.xj0wb7v.mongodb.net:27017, ac-wg4nffs-shard-00-01.xj0wb7v.mongodb.net:27017, ac-wg4nffs-shard-00-02.xj0wb7v.mongodb.net:27017], passives=[], arbiters=[], primary='ac-wg4nffs-shard-00-02.xj0wb7v.mongodb.net:27017', tagSet=TagSet{[Tag{name='availabilityZone', value='us-central1-c'}, Tag{name='diskState', value='READY'}, Tag{name='nodeType', value='ELECTABLE'}, Tag{name='provider', value='GCP'}, Tag{name='region', value='CENTRAL_US'}, Tag{name='workloadType', value='OPERATIONAL'}]}, electionId=null, setVersion=7, topologyVersion=TopologyVersion{processId=65b91483f8c4d968ee6b7334, counter=3}, lastWriteDate=Fri Feb 02 12:04:51 PST 2024, lastUpdateTimeNanos=1190588158700}
2024-02-02T12:04:51.934-08:00  INFO 2228 --- [ngodb.net:27017] org.mongodb.driver.cluster               : Discovered replica set primary ac-wg4nffs-shard-00-02.xj0wb7v.mongodb.net:27017 with max election id 7fffffff00000000000000f3 and max set version 7
2024-02-02T12:04:52.128-08:00  INFO 2228 --- [           main] o.s.b.a.w.s.WelcomePageHandlerMapping    : Adding welcome page: class path resource [static/index.html]
2024-02-02T12:04:53.023-08:00  INFO 2228 --- [           main] c.example.test1.Test1ApplicationTests    : Started Test1ApplicationTests in 3.821 seconds (process running for 4.764)
]]></system-out>
  </testcase>
</testsuite>